0 verbose cli /usr/bin/node /usr/bin/npm
1 info using npm@10.8.2
2 info using node@v20.20.2
3 silly config load:file:/usr/lib/node_modules/npm/npmrc
4 silly config load:file:/home/misbahul/code/solo/Bmec/.npmrc
5 silly config load:file:/home/misbahul/.npmrc
6 silly config load:file:/usr/etc/npmrc
7 verbose title npm install @tiptap/extension-table-row@2.11.7 @tiptap/extension-table-cell@2.11.7 @tiptap/extension-table-header@2.11.7
8 verbose argv "install" "--cache" "/home/misbahul/code/solo/Bmec/.npm-cache" "@tiptap/extension-table-row@2.11.7" "@tiptap/extension-table-cell@2.11.7" "@tiptap/extension-table-header@2.11.7"
9 verbose logfile logs-max:10 dir:/home/misbahul/code/solo/Bmec/.npm-cache/_logs/2026-05-09T10_16_30_371Z-
10 verbose logfile /home/misbahul/code/solo/Bmec/.npm-cache/_logs/2026-05-09T10_16_30_371Z-debug-0.log
11 silly packumentCache heap:2197815296 maxSize:549453824 maxEntrySize:274726912
12 silly logfile done cleaning log files
13 http fetch GET https://registry.npmjs.org/npm attempt 1 failed with EAI_AGAIN
14 silly idealTree buildDeps
15 silly fetch manifest @tiptap/extension-table-row@2.11.7
16 silly packumentCache full:https://registry.npmjs.org/@tiptap%2fextension-table-row cache-miss
17 http fetch GET https://registry.npmjs.org/@tiptap%2fextension-table-row attempt 1 failed with EAI_AGAIN
18 http fetch GET https://registry.npmjs.org/npm attempt 2 failed with EAI_AGAIN
19 http fetch GET https://registry.npmjs.org/@tiptap%2fextension-table-row attempt 2 failed with EAI_AGAIN
